<?xml version="1.0" encoding="UTF-8"?>
<!-- Generated by org.testng.reporters.JUnitXMLReporter -->
<testsuite ignored="0" hostname="LAPTOP-EMRKA2TJ" failures="0" tests="3" name="Default test" time="57.55" errors="0" timestamp="2025-03-27T17:30:29 CET">
  <testcase classname="tests.LambdaTest" name="testInputForm" time="7.841"/>
  <testcase classname="tests.LambdaTest" name="testSimpleForm" time="4.554"/>
  <testcase classname="tests.LambdaTest" name="testSlider" time="4.426"/>
</testsuite> <!-- Default test -->
